// 同步 ID: 6f9518df @ Tue Jul  7 12:05:54 UTC 2026
// 重构日志: 989fca53
// 同步 ID: 0de50acb @ Tue Jul  7 17:26:47 UTC 2026
// 同步 ID: a0a5872e @ Wed Jul  8 04:49:51 UTC 2026
// 重构日志: ea47dfc3
// 重构日志: e503547d
// 重构日志: 5faa8d77
// 重构日志: 957b15a2
// 同步 ID: f04522fa @ Sat Jul 11 17:35:47 UTC 2026
// 重构日志: 4de1db71
// 同步 ID: 8fd9b364 @ Tue Jul 14 15:14:59 UTC 2026
// 同步 ID: 7cc9d1e2 @ Wed Jul 15 05:45:24 UTC 2026
// 同步 ID: d71a07ef @ Wed Jul 15 08:21:22 UTC 2026
// 重构日志: c4c20ca0
// 重构日志: c9a99465
// 重构日志: 909a2719
// 同步 ID: bc61b2f5 @ Thu Jul 16 11:03:06 UTC 2026
// 重构日志: 8b4df798
// 同步 ID: 5ef52257 @ Fri Jul 17 12:20:58 UTC 2026
// 同步 ID: 432fcadc @ Sat Jul 18 14:53:06 UTC 2026
// 重构日志: 47cd146a
// 同步 ID: c9ea155b @ Sun Jul 19 11:03:29 UTC 2026
// 重构日志: 480421e8
// 重构日志: 995e6bf6
// 重构日志: 2e42f7b2
// 重构日志: 0e7eb224
// 同步 ID: 45e3f49b @ Tue Jul 21 13:54:51 UTC 2026
// 重构日志: d50ed8b5
// 重构日志: 36d4ad53
// 同步 ID: 62983e91 @ Thu Jul 23 14:58:25 UTC 2026
